Compilation failed:
    source file: '/Users/reddytintayaconde/Desktop/nodeApp/node_modules/opencv-build/opencv/opencv/cmake/checks/cxx11.cpp'
    check option: ''
===== BUILD LOG =====
Change Dir: /Users/reddytintayaconde/Desktop/nodeApp/node_modules/opencv-build/opencv/build/CMakeFiles/CMakeTmp

Run Build Command(s):/usr/local/bin/gmake cmTC_95b10/fast 
/usr/local/bin/gmake -f CMakeFiles/cmTC_95b10.dir/build.make CMakeFiles/cmTC_95b10.dir/build
gmake[1]: Entering directory '/Users/reddytintayaconde/Desktop/nodeApp/node_modules/opencv-build/opencv/build/CMakeFiles/CMakeTmp'
Building CXX object CMakeFiles/cmTC_95b10.dir/cxx11.cpp.o
/Applications/Xcode.app/Contents/Developer/Toolchains/XcodeDefault.xctoolchain/usr/bin/c++    -isysroot /Applications/Xcode.app/Contents/Developer/Platforms/MacOSX.platform/Developer/SDKs/MacOSX10.14.sdk -fPIE   -o CMakeFiles/cmTC_95b10.dir/cxx11.cpp.o -c /Users/reddytintayaconde/Desktop/nodeApp/node_modules/opencv-build/opencv/opencv/cmake/checks/cxx11.cpp
/Users/reddytintayaconde/Desktop/nodeApp/node_modules/opencv-build/opencv/opencv/cmake/checks/cxx11.cpp:4:2: error: "C++11 is not supported"
#error "C++11 is not supported"
 ^
/Users/reddytintayaconde/Desktop/nodeApp/node_modules/opencv-build/opencv/opencv/cmake/checks/cxx11.cpp:11:5: warning: 'auto' type specifier is a C++11 extension [-Wc++11-extensions]
    auto res = test();
    ^
1 warning and 1 error generated.
gmake[1]: *** [CMakeFiles/cmTC_95b10.dir/build.make:66: CMakeFiles/cmTC_95b10.dir/cxx11.cpp.o] Error 1
gmake[1]: Leaving directory '/Users/reddytintayaconde/Desktop/nodeApp/node_modules/opencv-build/opencv/build/CMakeFiles/CMakeTmp'
gmake: *** [Makefile:121: cmTC_95b10/fast] Error 2

===== END =====

Compilation failed:
    source file: '/Users/reddytintayaconde/Desktop/nodeApp/node_modules/opencv-build/opencv/opencv/cmake/checks/cpu_popcnt.cpp'
    check option: ''
===== BUILD LOG =====
Change Dir: /Users/reddytintayaconde/Desktop/nodeApp/node_modules/opencv-build/opencv/build/CMakeFiles/CMakeTmp

Run Build Command(s):/usr/local/bin/gmake cmTC_18495/fast 
/usr/local/bin/gmake -f CMakeFiles/cmTC_18495.dir/build.make CMakeFiles/cmTC_18495.dir/build
gmake[1]: Entering directory '/Users/reddytintayaconde/Desktop/nodeApp/node_modules/opencv-build/opencv/build/CMakeFiles/CMakeTmp'
Building CXX object CMakeFiles/cmTC_18495.dir/cpu_popcnt.cpp.o
/Applications/Xcode.app/Contents/Developer/Toolchains/XcodeDefault.xctoolchain/usr/bin/c++    -O3 -DNDEBUG -isysroot /Applications/Xcode.app/Contents/Developer/Platforms/MacOSX.platform/Developer/SDKs/MacOSX10.14.sdk -fPIE   -o CMakeFiles/cmTC_18495.dir/cpu_popcnt.cpp.o -c /Users/reddytintayaconde/Desktop/nodeApp/node_modules/opencv-build/opencv/opencv/cmake/checks/cpu_popcnt.cpp
/Users/reddytintayaconde/Desktop/nodeApp/node_modules/opencv-build/opencv/opencv/cmake/checks/cpu_popcnt.cpp:14:4: error: "__POPCNT__ is not defined by compiler"
#  error "__POPCNT__ is not defined by compiler"
   ^
/Users/reddytintayaconde/Desktop/nodeApp/node_modules/opencv-build/opencv/opencv/cmake/checks/cpu_popcnt.cpp:22:13: error: use of undeclared identifier 'CV_POPCNT_U32'
    int j = CV_POPCNT_U32(1);
            ^
2 errors generated.
gmake[1]: *** [CMakeFiles/cmTC_18495.dir/build.make:66: CMakeFiles/cmTC_18495.dir/cpu_popcnt.cpp.o] Error 1
gmake[1]: Leaving directory '/Users/reddytintayaconde/Desktop/nodeApp/node_modules/opencv-build/opencv/build/CMakeFiles/CMakeTmp'
gmake: *** [Makefile:121: cmTC_18495/fast] Error 2

===== END =====

Compilation failed:
    source file: '/Users/reddytintayaconde/Desktop/nodeApp/node_modules/opencv-build/opencv/opencv/cmake/checks/cpu_sse42.cpp'
    check option: ''
===== BUILD LOG =====
Change Dir: /Users/reddytintayaconde/Desktop/nodeApp/node_modules/opencv-build/opencv/build/CMakeFiles/CMakeTmp

Run Build Command(s):/usr/local/bin/gmake cmTC_c7124/fast 
/usr/local/bin/gmake -f CMakeFiles/cmTC_c7124.dir/build.make CMakeFiles/cmTC_c7124.dir/build
gmake[1]: Entering directory '/Users/reddytintayaconde/Desktop/nodeApp/node_modules/opencv-build/opencv/build/CMakeFiles/CMakeTmp'
Building CXX object CMakeFiles/cmTC_c7124.dir/cpu_sse42.cpp.o
/Applications/Xcode.app/Contents/Developer/Toolchains/XcodeDefault.xctoolchain/usr/bin/c++    -O3 -DNDEBUG -isysroot /Applications/Xcode.app/Contents/Developer/Platforms/MacOSX.platform/Developer/SDKs/MacOSX10.14.sdk -fPIE   -o CMakeFiles/cmTC_c7124.dir/cpu_sse42.cpp.o -c /Users/reddytintayaconde/Desktop/nodeApp/node_modules/opencv-build/opencv/opencv/cmake/checks/cpu_sse42.cpp
/Users/reddytintayaconde/Desktop/nodeApp/node_modules/opencv-build/opencv/opencv/cmake/checks/cpu_sse42.cpp:5:24: error: always_inline function '_mm_crc32_u8' requires target feature 'sse4.2', but would be inlined into function 'main' that is compiled without support for 'sse4.2'
    unsigned int res = _mm_crc32_u8(1, 2);
                       ^
1 error generated.
gmake[1]: *** [CMakeFiles/cmTC_c7124.dir/build.make:66: CMakeFiles/cmTC_c7124.dir/cpu_sse42.cpp.o] Error 1
gmake[1]: Leaving directory '/Users/reddytintayaconde/Desktop/nodeApp/node_modules/opencv-build/opencv/build/CMakeFiles/CMakeTmp'
gmake: *** [Makefile:121: cmTC_c7124/fast] Error 2

===== END =====

Compilation failed:
    source file: '/Users/reddytintayaconde/Desktop/nodeApp/node_modules/opencv-build/opencv/opencv/cmake/checks/cpu_fp16.cpp'
    check option: ''
===== BUILD LOG =====
Change Dir: /Users/reddytintayaconde/Desktop/nodeApp/node_modules/opencv-build/opencv/build/CMakeFiles/CMakeTmp

Run Build Command(s):/usr/local/bin/gmake cmTC_16051/fast 
/usr/local/bin/gmake -f CMakeFiles/cmTC_16051.dir/build.make CMakeFiles/cmTC_16051.dir/build
gmake[1]: Entering directory '/Users/reddytintayaconde/Desktop/nodeApp/node_modules/opencv-build/opencv/build/CMakeFiles/CMakeTmp'
Building CXX object CMakeFiles/cmTC_16051.dir/cpu_fp16.cpp.o
/Applications/Xcode.app/Contents/Developer/Toolchains/XcodeDefault.xctoolchain/usr/bin/c++    -O3 -DNDEBUG -isysroot /Applications/Xcode.app/Contents/Developer/Platforms/MacOSX.platform/Developer/SDKs/MacOSX10.14.sdk -fPIE   -o CMakeFiles/cmTC_16051.dir/cpu_fp16.cpp.o -c /Users/reddytintayaconde/Desktop/nodeApp/node_modules/opencv-build/opencv/opencv/cmake/checks/cpu_fp16.cpp
/Users/reddytintayaconde/Desktop/nodeApp/node_modules/opencv-build/opencv/opencv/cmake/checks/cpu_fp16.cpp:26:2: error: "FP16 is not supported"
#error "FP16 is not supported"
 ^
/Users/reddytintayaconde/Desktop/nodeApp/node_modules/opencv-build/opencv/opencv/cmake/checks/cpu_fp16.cpp:31:18: error: use of undeclared identifier 'test'
  printf("%d\n", test());
                 ^
2 errors generated.
gmake[1]: *** [CMakeFiles/cmTC_16051.dir/build.make:66: CMakeFiles/cmTC_16051.dir/cpu_fp16.cpp.o] Error 1
gmake[1]: Leaving directory '/Users/reddytintayaconde/Desktop/nodeApp/node_modules/opencv-build/opencv/build/CMakeFiles/CMakeTmp'
gmake: *** [Makefile:121: cmTC_16051/fast] Error 2

===== END =====

Compilation failed:
    source file: '/Users/reddytintayaconde/Desktop/nodeApp/node_modules/opencv-build/opencv/opencv/cmake/checks/cpu_avx.cpp'
    check option: ''
===== BUILD LOG =====
Change Dir: /Users/reddytintayaconde/Desktop/nodeApp/node_modules/opencv-build/opencv/build/CMakeFiles/CMakeTmp

Run Build Command(s):/usr/local/bin/gmake cmTC_fa609/fast 
/usr/local/bin/gmake -f CMakeFiles/cmTC_fa609.dir/build.make CMakeFiles/cmTC_fa609.dir/build
gmake[1]: Entering directory '/Users/reddytintayaconde/Desktop/nodeApp/node_modules/opencv-build/opencv/build/CMakeFiles/CMakeTmp'
Building CXX object CMakeFiles/cmTC_fa609.dir/cpu_avx.cpp.o
/Applications/Xcode.app/Contents/Developer/Toolchains/XcodeDefault.xctoolchain/usr/bin/c++    -O3 -DNDEBUG -isysroot /Applications/Xcode.app/Contents/Developer/Platforms/MacOSX.platform/Developer/SDKs/MacOSX10.14.sdk -fPIE   -o CMakeFiles/cmTC_fa609.dir/cpu_avx.cpp.o -c /Users/reddytintayaconde/Desktop/nodeApp/node_modules/opencv-build/opencv/opencv/cmake/checks/cpu_avx.cpp
/Users/reddytintayaconde/Desktop/nodeApp/node_modules/opencv-build/opencv/opencv/cmake/checks/cpu_avx.cpp:2:2: error: "__AVX__ define is missing"
#error "__AVX__ define is missing"
 ^
1 error generated.
gmake[1]: *** [CMakeFiles/cmTC_fa609.dir/build.make:66: CMakeFiles/cmTC_fa609.dir/cpu_avx.cpp.o] Error 1
gmake[1]: Leaving directory '/Users/reddytintayaconde/Desktop/nodeApp/node_modules/opencv-build/opencv/build/CMakeFiles/CMakeTmp'
gmake: *** [Makefile:121: cmTC_fa609/fast] Error 2

===== END =====

Compilation failed:
    source file: '/Users/reddytintayaconde/Desktop/nodeApp/node_modules/opencv-build/opencv/opencv/cmake/checks/cpu_avx2.cpp'
    check option: ''
===== BUILD LOG =====
Change Dir: /Users/reddytintayaconde/Desktop/nodeApp/node_modules/opencv-build/opencv/build/CMakeFiles/CMakeTmp

Run Build Command(s):/usr/local/bin/gmake cmTC_f7cec/fast 
/usr/local/bin/gmake -f CMakeFiles/cmTC_f7cec.dir/build.make CMakeFiles/cmTC_f7cec.dir/build
gmake[1]: Entering directory '/Users/reddytintayaconde/Desktop/nodeApp/node_modules/opencv-build/opencv/build/CMakeFiles/CMakeTmp'
Building CXX object CMakeFiles/cmTC_f7cec.dir/cpu_avx2.cpp.o
/Applications/Xcode.app/Contents/Developer/Toolchains/XcodeDefault.xctoolchain/usr/bin/c++    -O3 -DNDEBUG -isysroot /Applications/Xcode.app/Contents/Developer/Platforms/MacOSX.platform/Developer/SDKs/MacOSX10.14.sdk -fPIE   -o CMakeFiles/cmTC_f7cec.dir/cpu_avx2.cpp.o -c /Users/reddytintayaconde/Desktop/nodeApp/node_modules/opencv-build/opencv/opencv/cmake/checks/cpu_avx2.cpp
/Users/reddytintayaconde/Desktop/nodeApp/node_modules/opencv-build/opencv/opencv/cmake/checks/cpu_avx2.cpp:2:2: error: "__AVX2__ define is missing"
#error "__AVX2__ define is missing"
 ^
1 error generated.
gmake[1]: *** [CMakeFiles/cmTC_f7cec.dir/build.make:66: CMakeFiles/cmTC_f7cec.dir/cpu_avx2.cpp.o] Error 1
gmake[1]: Leaving directory '/Users/reddytintayaconde/Desktop/nodeApp/node_modules/opencv-build/opencv/build/CMakeFiles/CMakeTmp'
gmake: *** [Makefile:121: cmTC_f7cec/fast] Error 2

===== END =====

Compilation failed:
    source file: '/Users/reddytintayaconde/Desktop/nodeApp/node_modules/opencv-build/opencv/opencv/cmake/checks/cpu_avx512.cpp'
    check option: ''
===== BUILD LOG =====
Change Dir: /Users/reddytintayaconde/Desktop/nodeApp/node_modules/opencv-build/opencv/build/CMakeFiles/CMakeTmp

Run Build Command(s):/usr/local/bin/gmake cmTC_f9188/fast 
/usr/local/bin/gmake -f CMakeFiles/cmTC_f9188.dir/build.make CMakeFiles/cmTC_f9188.dir/build
gmake[1]: Entering directory '/Users/reddytintayaconde/Desktop/nodeApp/node_modules/opencv-build/opencv/build/CMakeFiles/CMakeTmp'
Building CXX object CMakeFiles/cmTC_f9188.dir/cpu_avx512.cpp.o
/Applications/Xcode.app/Contents/Developer/Toolchains/XcodeDefault.xctoolchain/usr/bin/c++    -O3 -DNDEBUG -isysroot /Applications/Xcode.app/Contents/Developer/Platforms/MacOSX.platform/Developer/SDKs/MacOSX10.14.sdk -fPIE   -o CMakeFiles/cmTC_f9188.dir/cpu_avx512.cpp.o -c /Users/reddytintayaconde/Desktop/nodeApp/node_modules/opencv-build/opencv/opencv/cmake/checks/cpu_avx512.cpp
/Users/reddytintayaconde/Desktop/nodeApp/node_modules/opencv-build/opencv/opencv/cmake/checks/cpu_avx512.cpp:11:2: error: "AVX512 is not supported"
#error "AVX512 is not supported"
 ^
1 error generated.
gmake[1]: *** [CMakeFiles/cmTC_f9188.dir/build.make:66: CMakeFiles/cmTC_f9188.dir/cpu_avx512.cpp.o] Error 1
gmake[1]: Leaving directory '/Users/reddytintayaconde/Desktop/nodeApp/node_modules/opencv-build/opencv/build/CMakeFiles/CMakeTmp'
gmake: *** [Makefile:121: cmTC_f9188/fast] Error 2

===== END =====

Compilation failed:
    source file: '/Users/reddytintayaconde/Desktop/nodeApp/node_modules/opencv-build/opencv/opencv/cmake/checks/cpu_avx512skx.cpp'
    check option: ''
===== BUILD LOG =====
Change Dir: /Users/reddytintayaconde/Desktop/nodeApp/node_modules/opencv-build/opencv/build/CMakeFiles/CMakeTmp

Run Build Command(s):/usr/local/bin/gmake cmTC_fa08a/fast 
/usr/local/bin/gmake -f CMakeFiles/cmTC_fa08a.dir/build.make CMakeFiles/cmTC_fa08a.dir/build
gmake[1]: Entering directory '/Users/reddytintayaconde/Desktop/nodeApp/node_modules/opencv-build/opencv/build/CMakeFiles/CMakeTmp'
Building CXX object CMakeFiles/cmTC_fa08a.dir/cpu_avx512skx.cpp.o
/Applications/Xcode.app/Contents/Developer/Toolchains/XcodeDefault.xctoolchain/usr/bin/c++    -O3 -DNDEBUG -isysroot /Applications/Xcode.app/Contents/Developer/Platforms/MacOSX.platform/Developer/SDKs/MacOSX10.14.sdk -fPIE   -o CMakeFiles/cmTC_fa08a.dir/cpu_avx512skx.cpp.o -c /Users/reddytintayaconde/Desktop/nodeApp/node_modules/opencv-build/opencv/opencv/cmake/checks/cpu_avx512skx.cpp
/Users/reddytintayaconde/Desktop/nodeApp/node_modules/opencv-build/opencv/opencv/cmake/checks/cpu_avx512skx.cpp:15:2: error: "AVX512-SKX is not supported"
#error "AVX512-SKX is not supported"
 ^
1 error generated.
gmake[1]: *** [CMakeFiles/cmTC_fa08a.dir/build.make:66: CMakeFiles/cmTC_fa08a.dir/cpu_avx512skx.cpp.o] Error 1
gmake[1]: Leaving directory '/Users/reddytintayaconde/Desktop/nodeApp/node_modules/opencv-build/opencv/build/CMakeFiles/CMakeTmp'
gmake: *** [Makefile:121: cmTC_fa08a/fast] Error 2

===== END =====

Determining if the include file malloc.h exists failed with the following output:
Change Dir: /Users/reddytintayaconde/Desktop/nodeApp/node_modules/opencv-build/opencv/build/CMakeFiles/CMakeTmp

Run Build Command(s):/usr/local/bin/gmake cmTC_af309/fast 
/usr/local/bin/gmake -f CMakeFiles/cmTC_af309.dir/build.make CMakeFiles/cmTC_af309.dir/build
gmake[1]: Entering directory '/Users/reddytintayaconde/Desktop/nodeApp/node_modules/opencv-build/opencv/build/CMakeFiles/CMakeTmp'
Building C object CMakeFiles/cmTC_af309.dir/CheckIncludeFile.c.o
/Applications/Xcode.app/Contents/Developer/Toolchains/XcodeDefault.xctoolchain/usr/bin/cc   -fsigned-char -W -Wall -Werror=return-type -Werror=non-virtual-dtor -Werror=address -Werror=sequence-point -Wformat -Werror=format-security -Wmissing-declarations -Wmissing-prototypes -Wstrict-prototypes -Wundef -Winit-self -Wpointer-arith -Wshadow -Wsign-promo -Wuninitialized -Winit-self -Wno-delete-non-virtual-dtor -Wno-unnamed-type-template-args -Wno-comment -fdiagnostics-show-option -Wno-long-long -Qunused-arguments -Wno-semicolon-before-method-body -ffunction-sections -fdata-sections  -fvisibility=hidden -fvisibility-inlines-hidden  -O3 -DNDEBUG -isysroot /Applications/Xcode.app/Contents/Developer/Platforms/MacOSX.platform/Developer/SDKs/MacOSX10.14.sdk -fPIE   -o CMakeFiles/cmTC_af309.dir/CheckIncludeFile.c.o   -c /Users/reddytintayaconde/Desktop/nodeApp/node_modules/opencv-build/opencv/build/CMakeFiles/CMakeTmp/CheckIncludeFile.c
/Users/reddytintayaconde/Desktop/nodeApp/node_modules/opencv-build/opencv/build/CMakeFiles/CMakeTmp/CheckIncludeFile.c:1:10: fatal error: 'malloc.h' file not found
#include <malloc.h>
         ^~~~~~~~~~
1 error generated.
gmake[1]: *** [CMakeFiles/cmTC_af309.dir/build.make:66: CMakeFiles/cmTC_af309.dir/CheckIncludeFile.c.o] Error 1
gmake[1]: Leaving directory '/Users/reddytintayaconde/Desktop/nodeApp/node_modules/opencv-build/opencv/build/CMakeFiles/CMakeTmp'
gmake: *** [Makefile:121: cmTC_af309/fast] Error 2


Determining size of off64_t failed with the following output:
Change Dir: /Users/reddytintayaconde/Desktop/nodeApp/node_modules/opencv-build/opencv/build/CMakeFiles/CMakeTmp

Run Build Command(s):/usr/local/bin/gmake cmTC_a98fd/fast 
/usr/local/bin/gmake -f CMakeFiles/cmTC_a98fd.dir/build.make CMakeFiles/cmTC_a98fd.dir/build
gmake[1]: Entering directory '/Users/reddytintayaconde/Desktop/nodeApp/node_modules/opencv-build/opencv/build/CMakeFiles/CMakeTmp'
Building C object CMakeFiles/cmTC_a98fd.dir/OFF64_T.c.o
/Applications/Xcode.app/Contents/Developer/Toolchains/XcodeDefault.xctoolchain/usr/bin/cc   -fsigned-char -W -Wall -Werror=return-type -Werror=non-virtual-dtor -Werror=address -Werror=sequence-point -Wformat -Werror=format-security -Wmissing-declarations -Wmissing-prototypes -Wstrict-prototypes -Wundef -Winit-self -Wpointer-arith -Wshadow -Wsign-promo -Wuninitialized -Winit-self -Wno-delete-non-virtual-dtor -Wno-unnamed-type-template-args -Wno-comment -fdiagnostics-show-option -Wno-long-long -Qunused-arguments -Wno-semicolon-before-method-body -ffunction-sections -fdata-sections  -fvisibility=hidden -fvisibility-inlines-hidden  -O3 -DNDEBUG -isysroot /Applications/Xcode.app/Contents/Developer/Platforms/MacOSX.platform/Developer/SDKs/MacOSX10.14.sdk -fPIE   -o CMakeFiles/cmTC_a98fd.dir/OFF64_T.c.o   -c /Users/reddytintayaconde/Desktop/nodeApp/node_modules/opencv-build/opencv/build/CMakeFiles/CheckTypeSize/OFF64_T.c
/Users/reddytintayaconde/Desktop/nodeApp/node_modules/opencv-build/opencv/build/CMakeFiles/CheckTypeSize/OFF64_T.c:25:12: error: use of undeclared identifier 'off64_t'
  ('0' + ((SIZE / 10000)%10)),
           ^
/Users/reddytintayaconde/Desktop/nodeApp/node_modules/opencv-build/opencv/build/CMakeFiles/CheckTypeSize/OFF64_T.c:23:22: note: expanded from macro 'SIZE'
#define SIZE (sizeof(off64_t))
                     ^
/Users/reddytintayaconde/Desktop/nodeApp/node_modules/opencv-build/opencv/build/CMakeFiles/CheckTypeSize/OFF64_T.c:26:12: error: use of undeclared identifier 'off64_t'
  ('0' + ((SIZE / 1000)%10)),
           ^
/Users/reddytintayaconde/Desktop/nodeApp/node_modules/opencv-build/opencv/build/CMakeFiles/CheckTypeSize/OFF64_T.c:23:22: note: expanded from macro 'SIZE'
#define SIZE (sizeof(off64_t))
                     ^
/Users/reddytintayaconde/Desktop/nodeApp/node_modules/opencv-build/opencv/build/CMakeFiles/CheckTypeSize/OFF64_T.c:27:12: error: use of undeclared identifier 'off64_t'
  ('0' + ((SIZE / 100)%10)),
           ^
/Users/reddytintayaconde/Desktop/nodeApp/node_modules/opencv-build/opencv/build/CMakeFiles/CheckTypeSize/OFF64_T.c:23:22: note: expanded from macro 'SIZE'
#define SIZE (sizeof(off64_t))
                     ^
/Users/reddytintayaconde/Desktop/nodeApp/node_modules/opencv-build/opencv/build/CMakeFiles/CheckTypeSize/OFF64_T.c:28:12: error: use of undeclared identifier 'off64_t'
  ('0' + ((SIZE / 10)%10)),
           ^
/Users/reddytintayaconde/Desktop/nodeApp/node_modules/opencv-build/opencv/build/CMakeFiles/CheckTypeSize/OFF64_T.c:23:22: note: expanded from macro 'SIZE'
#define SIZE (sizeof(off64_t))
                     ^
/Users/reddytintayaconde/Desktop/nodeApp/node_modules/opencv-build/opencv/build/CMakeFiles/CheckTypeSize/OFF64_T.c:29:12: error: use of undeclared identifier 'off64_t'
  ('0' +  (SIZE    % 10)),
           ^
/Users/reddytintayaconde/Desktop/nodeApp/node_modules/opencv-build/opencv/build/CMakeFiles/CheckTypeSize/OFF64_T.c:23:22: note: expanded from macro 'SIZE'
#define SIZE (sizeof(off64_t))
                     ^
5 errors generated.
gmake[1]: *** [CMakeFiles/cmTC_a98fd.dir/build.make:66: CMakeFiles/cmTC_a98fd.dir/OFF64_T.c.o] Error 1
gmake[1]: Leaving directory '/Users/reddytintayaconde/Desktop/nodeApp/node_modules/opencv-build/opencv/build/CMakeFiles/CMakeTmp'
gmake: *** [Makefile:121: cmTC_a98fd/fast] Error 2

/Users/reddytintayaconde/Desktop/nodeApp/node_modules/opencv-build/opencv/build/CMakeFiles/CheckTypeSize/OFF64_T.c:
#include <sys/types.h>
#include <stdint.h>
#include <stddef.h>


#undef KEY
#if defined(__i386)
# define KEY '_','_','i','3','8','6'
#elif defined(__x86_64)
# define KEY '_','_','x','8','6','_','6','4'
#elif defined(__ppc__)
# define KEY '_','_','p','p','c','_','_'
#elif defined(__ppc64__)
# define KEY '_','_','p','p','c','6','4','_','_'
#elif defined(__aarch64__)
# define KEY '_','_','a','a','r','c','h','6','4','_','_'
#elif defined(__ARM_ARCH_7A__)
# define KEY '_','_','A','R','M','_','A','R','C','H','_','7','A','_','_'
#elif defined(__ARM_ARCH_7S__)
# define KEY '_','_','A','R','M','_','A','R','C','H','_','7','S','_','_'
#endif

#define SIZE (sizeof(off64_t))
char info_size[] =  {'I', 'N', 'F', 'O', ':', 's','i','z','e','[',
  ('0' + ((SIZE / 10000)%10)),
  ('0' + ((SIZE / 1000)%10)),
  ('0' + ((SIZE / 100)%10)),
  ('0' + ((SIZE / 10)%10)),
  ('0' +  (SIZE    % 10)),
  ']',
#ifdef KEY
  ' ','k','e','y','[', KEY, ']',
#endif
  '\0'};

#ifdef __CLASSIC_C__
int main(argc, argv) int argc; char *argv[];
#else
int main(int argc, char *argv[])
#endif
{
  int require = 0;
  require += info_size[argc];
  (void)argv;
  return require;
}


Determining if the include file io.h exists failed with the following output:
Change Dir: /Users/reddytintayaconde/Desktop/nodeApp/node_modules/opencv-build/opencv/build/CMakeFiles/CMakeTmp

Run Build Command(s):/usr/local/bin/gmake cmTC_b80b2/fast 
/usr/local/bin/gmake -f CMakeFiles/cmTC_b80b2.dir/build.make CMakeFiles/cmTC_b80b2.dir/build
gmake[1]: Entering directory '/Users/reddytintayaconde/Desktop/nodeApp/node_modules/opencv-build/opencv/build/CMakeFiles/CMakeTmp'
Building C object CMakeFiles/cmTC_b80b2.dir/CheckIncludeFile.c.o
/Applications/Xcode.app/Contents/Developer/Toolchains/XcodeDefault.xctoolchain/usr/bin/cc   -fsigned-char -W -Wall -Werror=return-type -Werror=non-virtual-dtor -Werror=address -Werror=sequence-point -Wformat -Werror=format-security -Wmissing-declarations -Wmissing-prototypes -Wstrict-prototypes -Wundef -Winit-self -Wpointer-arith -Wshadow -Wsign-promo -Wuninitialized -Winit-self -Wno-delete-non-virtual-dtor -Wno-unnamed-type-template-args -Wno-comment -fdiagnostics-show-option -Wno-long-long -Qunused-arguments -Wno-semicolon-before-method-body -ffunction-sections -fdata-sections  -fvisibility=hidden -fvisibility-inlines-hidden  -O3 -DNDEBUG -isysroot /Applications/Xcode.app/Contents/Developer/Platforms/MacOSX.platform/Developer/SDKs/MacOSX10.14.sdk -fPIE   -o CMakeFiles/cmTC_b80b2.dir/CheckIncludeFile.c.o   -c /Users/reddytintayaconde/Desktop/nodeApp/node_modules/opencv-build/opencv/build/CMakeFiles/CMakeTmp/CheckIncludeFile.c
/Users/reddytintayaconde/Desktop/nodeApp/node_modules/opencv-build/opencv/build/CMakeFiles/CMakeTmp/CheckIncludeFile.c:1:10: fatal error: 'io.h' file not found
#include <io.h>
         ^~~~~~
1 error generated.
gmake[1]: *** [CMakeFiles/cmTC_b80b2.dir/build.make:66: CMakeFiles/cmTC_b80b2.dir/CheckIncludeFile.c.o] Error 1
gmake[1]: Leaving directory '/Users/reddytintayaconde/Desktop/nodeApp/node_modules/opencv-build/opencv/build/CMakeFiles/CMakeTmp'
gmake: *** [Makefile:121: cmTC_b80b2/fast] Error 2


Determining size of INT8 failed with the following output:
Change Dir: /Users/reddytintayaconde/Desktop/nodeApp/node_modules/opencv-build/opencv/build/CMakeFiles/CMakeTmp

Run Build Command(s):/usr/local/bin/gmake cmTC_e119b/fast 
/usr/local/bin/gmake -f CMakeFiles/cmTC_e119b.dir/build.make CMakeFiles/cmTC_e119b.dir/build
gmake[1]: Entering directory '/Users/reddytintayaconde/Desktop/nodeApp/node_modules/opencv-build/opencv/build/CMakeFiles/CMakeTmp'
Building C object CMakeFiles/cmTC_e119b.dir/int8.c.o
/Applications/Xcode.app/Contents/Developer/Toolchains/XcodeDefault.xctoolchain/usr/bin/cc   -fsigned-char -W -Wall -Werror=return-type -Werror=non-virtual-dtor -Werror=address -Werror=sequence-point -Wformat -Werror=format-security -Wmissing-declarations -Wmissing-prototypes -Wstrict-prototypes -Wundef -Winit-self -Wpointer-arith -Wshadow -Wsign-promo -Wuninitialized -Winit-self -Wno-delete-non-virtual-dtor -Wno-unnamed-type-template-args -Wno-comment -fdiagnostics-show-option -Wno-long-long -Qunused-arguments -Wno-semicolon-before-method-body -ffunction-sections -fdata-sections  -fvisibility=hidden -fvisibility-inlines-hidden  -O3 -DNDEBUG -isysroot /Applications/Xcode.app/Contents/Developer/Platforms/MacOSX.platform/Developer/SDKs/MacOSX10.14.sdk -fPIE   -o CMakeFiles/cmTC_e119b.dir/int8.c.o   -c /Users/reddytintayaconde/Desktop/nodeApp/node_modules/opencv-build/opencv/build/CMakeFiles/CheckTypeSize/int8.c
/Users/reddytintayaconde/Desktop/nodeApp/node_modules/opencv-build/opencv/build/CMakeFiles/CheckTypeSize/int8.c:25:12: error: use of undeclared identifier 'INT8'
  ('0' + ((SIZE / 10000)%10)),
           ^
/Users/reddytintayaconde/Desktop/nodeApp/node_modules/opencv-build/opencv/build/CMakeFiles/CheckTypeSize/int8.c:23:22: note: expanded from macro 'SIZE'
#define SIZE (sizeof(INT8))
                     ^
/Users/reddytintayaconde/Desktop/nodeApp/node_modules/opencv-build/opencv/build/CMakeFiles/CheckTypeSize/int8.c:26:12: error: use of undeclared identifier 'INT8'
  ('0' + ((SIZE / 1000)%10)),
           ^
/Users/reddytintayaconde/Desktop/nodeApp/node_modules/opencv-build/opencv/build/CMakeFiles/CheckTypeSize/int8.c:23:22: note: expanded from macro 'SIZE'
#define SIZE (sizeof(INT8))
                     ^
/Users/reddytintayaconde/Desktop/nodeApp/node_modules/opencv-build/opencv/build/CMakeFiles/CheckTypeSize/int8.c:27:12: error: use of undeclared identifier 'INT8'
  ('0' + ((SIZE / 100)%10)),
           ^
/Users/reddytintayaconde/Desktop/nodeApp/node_modules/opencv-build/opencv/build/CMakeFiles/CheckTypeSize/int8.c:23:22: note: expanded from macro 'SIZE'
#define SIZE (sizeof(INT8))
                     ^
/Users/reddytintayaconde/Desktop/nodeApp/node_modules/opencv-build/opencv/build/CMakeFiles/CheckTypeSize/int8.c:28:12: error: use of undeclared identifier 'INT8'
  ('0' + ((SIZE / 10)%10)),
           ^
/Users/reddytintayaconde/Desktop/nodeApp/node_modules/opencv-build/opencv/build/CMakeFiles/CheckTypeSize/int8.c:23:22: note: expanded from macro 'SIZE'
#define SIZE (sizeof(INT8))
                     ^
/Users/reddytintayaconde/Desktop/nodeApp/node_modules/opencv-build/opencv/build/CMakeFiles/CheckTypeSize/int8.c:29:12: error: use of undeclared identifier 'INT8'
  ('0' +  (SIZE    % 10)),
           ^
/Users/reddytintayaconde/Desktop/nodeApp/node_modules/opencv-build/opencv/build/CMakeFiles/CheckTypeSize/int8.c:23:22: note: expanded from macro 'SIZE'
#define SIZE (sizeof(INT8))
                     ^
5 errors generated.
gmake[1]: *** [CMakeFiles/cmTC_e119b.dir/build.make:66: CMakeFiles/cmTC_e119b.dir/int8.c.o] Error 1
gmake[1]: Leaving directory '/Users/reddytintayaconde/Desktop/nodeApp/node_modules/opencv-build/opencv/build/CMakeFiles/CMakeTmp'
gmake: *** [Makefile:121: cmTC_e119b/fast] Error 2

/Users/reddytintayaconde/Desktop/nodeApp/node_modules/opencv-build/opencv/build/CMakeFiles/CheckTypeSize/int8.c:
#include <sys/types.h>
#include <stdint.h>
#include <stddef.h>


#undef KEY
#if defined(__i386)
# define KEY '_','_','i','3','8','6'
#elif defined(__x86_64)
# define KEY '_','_','x','8','6','_','6','4'
#elif defined(__ppc__)
# define KEY '_','_','p','p','c','_','_'
#elif defined(__ppc64__)
# define KEY '_','_','p','p','c','6','4','_','_'
#elif defined(__aarch64__)
# define KEY '_','_','a','a','r','c','h','6','4','_','_'
#elif defined(__ARM_ARCH_7A__)
# define KEY '_','_','A','R','M','_','A','R','C','H','_','7','A','_','_'
#elif defined(__ARM_ARCH_7S__)
# define KEY '_','_','A','R','M','_','A','R','C','H','_','7','S','_','_'
#endif

#define SIZE (sizeof(INT8))
char info_size[] =  {'I', 'N', 'F', 'O', ':', 's','i','z','e','[',
  ('0' + ((SIZE / 10000)%10)),
  ('0' + ((SIZE / 1000)%10)),
  ('0' + ((SIZE / 100)%10)),
  ('0' + ((SIZE / 10)%10)),
  ('0' +  (SIZE    % 10)),
  ']',
#ifdef KEY
  ' ','k','e','y','[', KEY, ']',
#endif
  '\0'};

#ifdef __CLASSIC_C__
int main(argc, argv) int argc; char *argv[];
#else
int main(int argc, char *argv[])
#endif
{
  int require = 0;
  require += info_size[argc];
  (void)argv;
  return require;
}


Determining size of INT16 failed with the following output:
Change Dir: /Users/reddytintayaconde/Desktop/nodeApp/node_modules/opencv-build/opencv/build/CMakeFiles/CMakeTmp

Run Build Command(s):/usr/local/bin/gmake cmTC_f3e1d/fast 
/usr/local/bin/gmake -f CMakeFiles/cmTC_f3e1d.dir/build.make CMakeFiles/cmTC_f3e1d.dir/build
gmake[1]: Entering directory '/Users/reddytintayaconde/Desktop/nodeApp/node_modules/opencv-build/opencv/build/CMakeFiles/CMakeTmp'
Building C object CMakeFiles/cmTC_f3e1d.dir/int16.c.o
/Applications/Xcode.app/Contents/Developer/Toolchains/XcodeDefault.xctoolchain/usr/bin/cc   -fsigned-char -W -Wall -Werror=return-type -Werror=non-virtual-dtor -Werror=address -Werror=sequence-point -Wformat -Werror=format-security -Wmissing-declarations -Wmissing-prototypes -Wstrict-prototypes -Wundef -Winit-self -Wpointer-arith -Wshadow -Wsign-promo -Wuninitialized -Winit-self -Wno-delete-non-virtual-dtor -Wno-unnamed-type-template-args -Wno-comment -fdiagnostics-show-option -Wno-long-long -Qunused-arguments -Wno-semicolon-before-method-body -ffunction-sections -fdata-sections  -fvisibility=hidden -fvisibility-inlines-hidden  -O3 -DNDEBUG -isysroot /Applications/Xcode.app/Contents/Developer/Platforms/MacOSX.platform/Developer/SDKs/MacOSX10.14.sdk -fPIE   -o CMakeFiles/cmTC_f3e1d.dir/int16.c.o   -c /Users/reddytintayaconde/Desktop/nodeApp/node_modules/opencv-build/opencv/build/CMakeFiles/CheckTypeSize/int16.c
/Users/reddytintayaconde/Desktop/nodeApp/node_modules/opencv-build/opencv/build/CMakeFiles/CheckTypeSize/int16.c:25:12: error: use of undeclared identifier 'INT16'
  ('0' + ((SIZE / 10000)%10)),
           ^
/Users/reddytintayaconde/Desktop/nodeApp/node_modules/opencv-build/opencv/build/CMakeFiles/CheckTypeSize/int16.c:23:22: note: expanded from macro 'SIZE'
#define SIZE (sizeof(INT16))
                     ^
/Users/reddytintayaconde/Desktop/nodeApp/node_modules/opencv-build/opencv/build/CMakeFiles/CheckTypeSize/int16.c:26:12: error: use of undeclared identifier 'INT16'
  ('0' + ((SIZE / 1000)%10)),
           ^
/Users/reddytintayaconde/Desktop/nodeApp/node_modules/opencv-build/opencv/build/CMakeFiles/CheckTypeSize/int16.c:23:22: note: expanded from macro 'SIZE'
#define SIZE (sizeof(INT16))
                     ^
/Users/reddytintayaconde/Desktop/nodeApp/node_modules/opencv-build/opencv/build/CMakeFiles/CheckTypeSize/int16.c:27:12: error: use of undeclared identifier 'INT16'
  ('0' + ((SIZE / 100)%10)),
           ^
/Users/reddytintayaconde/Desktop/nodeApp/node_modules/opencv-build/opencv/build/CMakeFiles/CheckTypeSize/int16.c:23:22: note: expanded from macro 'SIZE'
#define SIZE (sizeof(INT16))
                     ^
/Users/reddytintayaconde/Desktop/nodeApp/node_modules/opencv-build/opencv/build/CMakeFiles/CheckTypeSize/int16.c:28:12: error: use of undeclared identifier 'INT16'
  ('0' + ((SIZE / 10)%10)),
           ^
/Users/reddytintayaconde/Desktop/nodeApp/node_modules/opencv-build/opencv/build/CMakeFiles/CheckTypeSize/int16.c:23:22: note: expanded from macro 'SIZE'
#define SIZE (sizeof(INT16))
                     ^
/Users/reddytintayaconde/Desktop/nodeApp/node_modules/opencv-build/opencv/build/CMakeFiles/CheckTypeSize/int16.c:29:12: error: use of undeclared identifier 'INT16'
  ('0' +  (SIZE    % 10)),
           ^
/Users/reddytintayaconde/Desktop/nodeApp/node_modules/opencv-build/opencv/build/CMakeFiles/CheckTypeSize/int16.c:23:22: note: expanded from macro 'SIZE'
#define SIZE (sizeof(INT16))
                     ^
5 errors generated.
gmake[1]: *** [CMakeFiles/cmTC_f3e1d.dir/build.make:66: CMakeFiles/cmTC_f3e1d.dir/int16.c.o] Error 1
gmake[1]: Leaving directory '/Users/reddytintayaconde/Desktop/nodeApp/node_modules/opencv-build/opencv/build/CMakeFiles/CMakeTmp'
gmake: *** [Makefile:121: cmTC_f3e1d/fast] Error 2

/Users/reddytintayaconde/Desktop/nodeApp/node_modules/opencv-build/opencv/build/CMakeFiles/CheckTypeSize/int16.c:
#include <sys/types.h>
#include <stdint.h>
#include <stddef.h>


#undef KEY
#if defined(__i386)
# define KEY '_','_','i','3','8','6'
#elif defined(__x86_64)
# define KEY '_','_','x','8','6','_','6','4'
#elif defined(__ppc__)
# define KEY '_','_','p','p','c','_','_'
#elif defined(__ppc64__)
# define KEY '_','_','p','p','c','6','4','_','_'
#elif defined(__aarch64__)
# define KEY '_','_','a','a','r','c','h','6','4','_','_'
#elif defined(__ARM_ARCH_7A__)
# define KEY '_','_','A','R','M','_','A','R','C','H','_','7','A','_','_'
#elif defined(__ARM_ARCH_7S__)
# define KEY '_','_','A','R','M','_','A','R','C','H','_','7','S','_','_'
#endif

#define SIZE (sizeof(INT16))
char info_size[] =  {'I', 'N', 'F', 'O', ':', 's','i','z','e','[',
  ('0' + ((SIZE / 10000)%10)),
  ('0' + ((SIZE / 1000)%10)),
  ('0' + ((SIZE / 100)%10)),
  ('0' + ((SIZE / 10)%10)),
  ('0' +  (SIZE    % 10)),
  ']',
#ifdef KEY
  ' ','k','e','y','[', KEY, ']',
#endif
  '\0'};

#ifdef __CLASSIC_C__
int main(argc, argv) int argc; char *argv[];
#else
int main(int argc, char *argv[])
#endif
{
  int require = 0;
  require += info_size[argc];
  (void)argv;
  return require;
}


Determining size of INT32 failed with the following output:
Change Dir: /Users/reddytintayaconde/Desktop/nodeApp/node_modules/opencv-build/opencv/build/CMakeFiles/CMakeTmp

Run Build Command(s):/usr/local/bin/gmake cmTC_000f6/fast 
/usr/local/bin/gmake -f CMakeFiles/cmTC_000f6.dir/build.make CMakeFiles/cmTC_000f6.dir/build
gmake[1]: Entering directory '/Users/reddytintayaconde/Desktop/nodeApp/node_modules/opencv-build/opencv/build/CMakeFiles/CMakeTmp'
Building C object CMakeFiles/cmTC_000f6.dir/int32.c.o
/Applications/Xcode.app/Contents/Developer/Toolchains/XcodeDefault.xctoolchain/usr/bin/cc   -fsigned-char -W -Wall -Werror=return-type -Werror=non-virtual-dtor -Werror=address -Werror=sequence-point -Wformat -Werror=format-security -Wmissing-declarations -Wmissing-prototypes -Wstrict-prototypes -Wundef -Winit-self -Wpointer-arith -Wshadow -Wsign-promo -Wuninitialized -Winit-self -Wno-delete-non-virtual-dtor -Wno-unnamed-type-template-args -Wno-comment -fdiagnostics-show-option -Wno-long-long -Qunused-arguments -Wno-semicolon-before-method-body -ffunction-sections -fdata-sections  -fvisibility=hidden -fvisibility-inlines-hidden  -O3 -DNDEBUG -isysroot /Applications/Xcode.app/Contents/Developer/Platforms/MacOSX.platform/Developer/SDKs/MacOSX10.14.sdk -fPIE   -o CMakeFiles/cmTC_000f6.dir/int32.c.o   -c /Users/reddytintayaconde/Desktop/nodeApp/node_modules/opencv-build/opencv/build/CMakeFiles/CheckTypeSize/int32.c
/Users/reddytintayaconde/Desktop/nodeApp/node_modules/opencv-build/opencv/build/CMakeFiles/CheckTypeSize/int32.c:25:12: error: use of undeclared identifier 'INT32'
  ('0' + ((SIZE / 10000)%10)),
           ^
/Users/reddytintayaconde/Desktop/nodeApp/node_modules/opencv-build/opencv/build/CMakeFiles/CheckTypeSize/int32.c:23:22: note: expanded from macro 'SIZE'
#define SIZE (sizeof(INT32))
                     ^
/Users/reddytintayaconde/Desktop/nodeApp/node_modules/opencv-build/opencv/build/CMakeFiles/CheckTypeSize/int32.c:26:12: error: use of undeclared identifier 'INT32'
  ('0' + ((SIZE / 1000)%10)),
           ^
/Users/reddytintayaconde/Desktop/nodeApp/node_modules/opencv-build/opencv/build/CMakeFiles/CheckTypeSize/int32.c:23:22: note: expanded from macro 'SIZE'
#define SIZE (sizeof(INT32))
                     ^
/Users/reddytintayaconde/Desktop/nodeApp/node_modules/opencv-build/opencv/build/CMakeFiles/CheckTypeSize/int32.c:27:12: error: use of undeclared identifier 'INT32'
  ('0' + ((SIZE / 100)%10)),
           ^
/Users/reddytintayaconde/Desktop/nodeApp/node_modules/opencv-build/opencv/build/CMakeFiles/CheckTypeSize/int32.c:23:22: note: expanded from macro 'SIZE'
#define SIZE (sizeof(INT32))
                     ^
/Users/reddytintayaconde/Desktop/nodeApp/node_modules/opencv-build/opencv/build/CMakeFiles/CheckTypeSize/int32.c:28:12: error: use of undeclared identifier 'INT32'
  ('0' + ((SIZE / 10)%10)),
           ^
/Users/reddytintayaconde/Desktop/nodeApp/node_modules/opencv-build/opencv/build/CMakeFiles/CheckTypeSize/int32.c:23:22: note: expanded from macro 'SIZE'
#define SIZE (sizeof(INT32))
                     ^
/Users/reddytintayaconde/Desktop/nodeApp/node_modules/opencv-build/opencv/build/CMakeFiles/CheckTypeSize/int32.c:29:12: error: use of undeclared identifier 'INT32'
  ('0' +  (SIZE    % 10)),
           ^
/Users/reddytintayaconde/Desktop/nodeApp/node_modules/opencv-build/opencv/build/CMakeFiles/CheckTypeSize/int32.c:23:22: note: expanded from macro 'SIZE'
#define SIZE (sizeof(INT32))
                     ^
5 errors generated.
gmake[1]: *** [CMakeFiles/cmTC_000f6.dir/build.make:66: CMakeFiles/cmTC_000f6.dir/int32.c.o] Error 1
gmake[1]: Leaving directory '/Users/reddytintayaconde/Desktop/nodeApp/node_modules/opencv-build/opencv/build/CMakeFiles/CMakeTmp'
gmake: *** [Makefile:121: cmTC_000f6/fast] Error 2

/Users/reddytintayaconde/Desktop/nodeApp/node_modules/opencv-build/opencv/build/CMakeFiles/CheckTypeSize/int32.c:
#include <sys/types.h>
#include <stdint.h>
#include <stddef.h>


#undef KEY
#if defined(__i386)
# define KEY '_','_','i','3','8','6'
#elif defined(__x86_64)
# define KEY '_','_','x','8','6','_','6','4'
#elif defined(__ppc__)
# define KEY '_','_','p','p','c','_','_'
#elif defined(__ppc64__)
# define KEY '_','_','p','p','c','6','4','_','_'
#elif defined(__aarch64__)
# define KEY '_','_','a','a','r','c','h','6','4','_','_'
#elif defined(__ARM_ARCH_7A__)
# define KEY '_','_','A','R','M','_','A','R','C','H','_','7','A','_','_'
#elif defined(__ARM_ARCH_7S__)
# define KEY '_','_','A','R','M','_','A','R','C','H','_','7','S','_','_'
#endif

#define SIZE (sizeof(INT32))
char info_size[] =  {'I', 'N', 'F', 'O', ':', 's','i','z','e','[',
  ('0' + ((SIZE / 10000)%10)),
  ('0' + ((SIZE / 1000)%10)),
  ('0' + ((SIZE / 100)%10)),
  ('0' + ((SIZE / 10)%10)),
  ('0' +  (SIZE    % 10)),
  ']',
#ifdef KEY
  ' ','k','e','y','[', KEY, ']',
#endif
  '\0'};

#ifdef __CLASSIC_C__
int main(argc, argv) int argc; char *argv[];
#else
int main(int argc, char *argv[])
#endif
{
  int require = 0;
  require += info_size[argc];
  (void)argv;
  return require;
}


Build output check failed:
    Regex: 'unknown .*option'
    Output line: 'warning: unknown warning option '-Wno-unused-but-set-variable', did you mean '-Wno-unused-const-variable'? [-Wunknown-warning-option]'
Compilation failed:
    source file: '/Users/reddytintayaconde/Desktop/nodeApp/node_modules/opencv-build/opencv/build/CMakeFiles/CMakeTmp/src.c'
    check option: ' -Wno-unused-but-set-variable'
===== BUILD LOG =====
Change Dir: /Users/reddytintayaconde/Desktop/nodeApp/node_modules/opencv-build/opencv/build/CMakeFiles/CMakeTmp

Run Build Command(s):/usr/local/bin/gmake cmTC_ef2af/fast 
/usr/local/bin/gmake -f CMakeFiles/cmTC_ef2af.dir/build.make CMakeFiles/cmTC_ef2af.dir/build
gmake[1]: Entering directory '/Users/reddytintayaconde/Desktop/nodeApp/node_modules/opencv-build/opencv/build/CMakeFiles/CMakeTmp'
Building C object CMakeFiles/cmTC_ef2af.dir/src.c.o
/Applications/Xcode.app/Contents/Developer/Toolchains/XcodeDefault.xctoolchain/usr/bin/cc   -fsigned-char -W -Wall -Werror=return-type -Werror=non-virtual-dtor -Werror=address -Werror=sequence-point -Wformat -Werror=format-security -Wmissing-declarations -Wmissing-prototypes -Wstrict-prototypes -Wundef -Winit-self -Wpointer-arith -Wshadow -Wsign-promo -Wuninitialized -Winit-self -Wno-delete-non-virtual-dtor -Wno-unnamed-type-template-args -Wno-comment -fdiagnostics-show-option -Wno-long-long -Qunused-arguments -Wno-semicolon-before-method-body -ffunction-sections -fdata-sections  -fvisibility=hidden -fvisibility-inlines-hidden  -O3 -DNDEBUG -isysroot /Applications/Xcode.app/Contents/Developer/Platforms/MacOSX.platform/Developer/SDKs/MacOSX10.14.sdk -fPIE    -Wno-unused-but-set-variable -o CMakeFiles/cmTC_ef2af.dir/src.c.o   -c /Users/reddytintayaconde/Desktop/nodeApp/node_modules/opencv-build/opencv/build/CMakeFiles/CMakeTmp/src.c
warning: unknown warning option '-Wno-unused-but-set-variable'; did you mean '-Wno-unused-const-variable'? [-Wunknown-warning-option]
/Users/reddytintayaconde/Desktop/nodeApp/node_modules/opencv-build/opencv/build/CMakeFiles/CMakeTmp/src.c:1:8: warning: unknown pragma ignored [-Wunknown-pragmas]
#pragma
       ^
2 warnings generated.
Linking C executable cmTC_ef2af
/usr/local/Cellar/cmake/3.14.3/bin/cmake -E cmake_link_script CMakeFiles/cmTC_ef2af.dir/link.txt --verbose=1
/Applications/Xcode.app/Contents/Developer/Toolchains/XcodeDefault.xctoolchain/usr/bin/cc    -fsigned-char -W -Wall -Werror=return-type -Werror=non-virtual-dtor -Werror=address -Werror=sequence-point -Wformat -Werror=format-security -Wmissing-declarations -Wmissing-prototypes -Wstrict-prototypes -Wundef -Winit-self -Wpointer-arith -Wshadow -Wsign-promo -Wuninitialized -Winit-self -Wno-delete-non-virtual-dtor -Wno-unnamed-type-template-args -Wno-comment -fdiagnostics-show-option -Wno-long-long -Qunused-arguments -Wno-semicolon-before-method-body -ffunction-sections -fdata-sections  -fvisibility=hidden -fvisibility-inlines-hidden  -O3 -DNDEBUG -isysroot /Applications/Xcode.app/Contents/Developer/Platforms/MacOSX.platform/Developer/SDKs/MacOSX10.14.sdk -Wl,-search_paths_first -Wl,-headerpad_max_install_names   -Wl,-dead_strip  CMakeFiles/cmTC_ef2af.dir/src.c.o  -o cmTC_ef2af 
gmake[1]: Leaving directory '/Users/reddytintayaconde/Desktop/nodeApp/node_modules/opencv-build/opencv/build/CMakeFiles/CMakeTmp'

===== END =====

Build output check failed:
    Regex: 'unknown .*option'
    Output line: 'warning: unknown warning option '-Wno-maybe-uninitialized', did you mean '-Wno-uninitialized'? [-Wunknown-warning-option]'
Compilation failed:
    source file: '/Users/reddytintayaconde/Desktop/nodeApp/node_modules/opencv-build/opencv/build/CMakeFiles/CMakeTmp/src.c'
    check option: ' -Wno-maybe-uninitialized'
===== BUILD LOG =====
Change Dir: /Users/reddytintayaconde/Desktop/nodeApp/node_modules/opencv-build/opencv/build/CMakeFiles/CMakeTmp

Run Build Command(s):/usr/local/bin/gmake cmTC_4fa90/fast 
/usr/local/bin/gmake -f CMakeFiles/cmTC_4fa90.dir/build.make CMakeFiles/cmTC_4fa90.dir/build
gmake[1]: Entering directory '/Users/reddytintayaconde/Desktop/nodeApp/node_modules/opencv-build/opencv/build/CMakeFiles/CMakeTmp'
Building C object CMakeFiles/cmTC_4fa90.dir/src.c.o
/Applications/Xcode.app/Contents/Developer/Toolchains/XcodeDefault.xctoolchain/usr/bin/cc   -fsigned-char -W -Wall -Werror=return-type -Werror=non-virtual-dtor -Werror=address -Werror=sequence-point -Wformat -Werror=format-security -Wstrict-prototypes -Winit-self -Wpointer-arith -Wsign-promo -Wuninitialized -Winit-self -Wno-delete-non-virtual-dtor -Wno-unnamed-type-template-args -Wno-comment -fdiagnostics-show-option -Wno-long-long -Qunused-arguments -Wno-semicolon-before-method-body -ffunction-sections -fdata-sections  -fvisibility=hidden -fvisibility-inlines-hidden -Wno-missing-prototypes -Wno-missing-declarations -Wno-undef -Wno-unused -Wno-sign-compare -Wno-cast-align -Wno-shadow  -O3 -DNDEBUG -isysroot /Applications/Xcode.app/Contents/Developer/Platforms/MacOSX.platform/Developer/SDKs/MacOSX10.14.sdk -fPIE    -Wno-maybe-uninitialized -o CMakeFiles/cmTC_4fa90.dir/src.c.o   -c /Users/reddytintayaconde/Desktop/nodeApp/node_modules/opencv-build/opencv/build/CMakeFiles/CMakeTmp/src.c
warning: unknown warning option '-Wno-maybe-uninitialized'; did you mean '-Wno-uninitialized'? [-Wunknown-warning-option]
/Users/reddytintayaconde/Desktop/nodeApp/node_modules/opencv-build/opencv/build/CMakeFiles/CMakeTmp/src.c:1:8: warning: unknown pragma ignored [-Wunknown-pragmas]
#pragma
       ^
2 warnings generated.
Linking C executable cmTC_4fa90
/usr/local/Cellar/cmake/3.14.3/bin/cmake -E cmake_link_script CMakeFiles/cmTC_4fa90.dir/link.txt --verbose=1
/Applications/Xcode.app/Contents/Developer/Toolchains/XcodeDefault.xctoolchain/usr/bin/cc    -fsigned-char -W -Wall -Werror=return-type -Werror=non-virtual-dtor -Werror=address -Werror=sequence-point -Wformat -Werror=format-security -Wstrict-prototypes -Winit-self -Wpointer-arith -Wsign-promo -Wuninitialized -Winit-self -Wno-delete-non-virtual-dtor -Wno-unnamed-type-template-args -Wno-comment -fdiagnostics-show-option -Wno-long-long -Qunused-arguments -Wno-semicolon-before-method-body -ffunction-sections -fdata-sections  -fvisibility=hidden -fvisibility-inlines-hidden -Wno-missing-prototypes -Wno-missing-declarations -Wno-undef -Wno-unused -Wno-sign-compare -Wno-cast-align -Wno-shadow  -O3 -DNDEBUG -isysroot /Applications/Xcode.app/Contents/Developer/Platforms/MacOSX.platform/Developer/SDKs/MacOSX10.14.sdk -Wl,-search_paths_first -Wl,-headerpad_max_install_names   -Wl,-dead_strip  CMakeFiles/cmTC_4fa90.dir/src.c.o  -o cmTC_4fa90 
gmake[1]: Leaving directory '/Users/reddytintayaconde/Desktop/nodeApp/node_modules/opencv-build/opencv/build/CMakeFiles/CMakeTmp'

===== END =====

Build output check failed:
    Regex: 'unknown .*option'
    Output line: 'warning: unknown warning option '-Wno-misleading-indentation', did you mean '-Wno-binding-in-condition'? [-Wunknown-warning-option]'
Compilation failed:
    source file: '/Users/reddytintayaconde/Desktop/nodeApp/node_modules/opencv-build/opencv/build/CMakeFiles/CMakeTmp/src.c'
    check option: ' -Wno-misleading-indentation'
===== BUILD LOG =====
Change Dir: /Users/reddytintayaconde/Desktop/nodeApp/node_modules/opencv-build/opencv/build/CMakeFiles/CMakeTmp

Run Build Command(s):/usr/local/bin/gmake cmTC_adf66/fast 
/usr/local/bin/gmake -f CMakeFiles/cmTC_adf66.dir/build.make CMakeFiles/cmTC_adf66.dir/build
gmake[1]: Entering directory '/Users/reddytintayaconde/Desktop/nodeApp/node_modules/opencv-build/opencv/build/CMakeFiles/CMakeTmp'
Building C object CMakeFiles/cmTC_adf66.dir/src.c.o
/Applications/Xcode.app/Contents/Developer/Toolchains/XcodeDefault.xctoolchain/usr/bin/cc   -fsigned-char -W -Wall -Werror=return-type -Werror=non-virtual-dtor -Werror=address -Werror=sequence-point -Wformat -Werror=format-security -Wstrict-prototypes -Winit-self -Wpointer-arith -Wsign-promo -Wuninitialized -Winit-self -Wno-delete-non-virtual-dtor -Wno-unnamed-type-template-args -Wno-comment -fdiagnostics-show-option -Wno-long-long -Qunused-arguments -Wno-semicolon-before-method-body -ffunction-sections -fdata-sections  -fvisibility=hidden -fvisibility-inlines-hidden -Wno-missing-prototypes -Wno-missing-declarations -Wno-undef -Wno-unused -Wno-sign-compare -Wno-cast-align -Wno-shadow -Wno-pointer-to-int-cast -Wno-int-to-pointer-cast  -O3 -DNDEBUG -isysroot /Applications/Xcode.app/Contents/Developer/Platforms/MacOSX.platform/Developer/SDKs/MacOSX10.14.sdk -fPIE    -Wno-misleading-indentation -o CMakeFiles/cmTC_adf66.dir/src.c.o   -c /Users/reddytintayaconde/Desktop/nodeApp/node_modules/opencv-build/opencv/build/CMakeFiles/CMakeTmp/src.c
warning: unknown warning option '-Wno-misleading-indentation'; did you mean '-Wno-binding-in-condition'? [-Wunknown-warning-option]
/Users/reddytintayaconde/Desktop/nodeApp/node_modules/opencv-build/opencv/build/CMakeFiles/CMakeTmp/src.c:1:8: warning: unknown pragma ignored [-Wunknown-pragmas]
#pragma
       ^
2 warnings generated.
Linking C executable cmTC_adf66
/usr/local/Cellar/cmake/3.14.3/bin/cmake -E cmake_link_script CMakeFiles/cmTC_adf66.dir/link.txt --verbose=1
/Applications/Xcode.app/Contents/Developer/Toolchains/XcodeDefault.xctoolchain/usr/bin/cc    -fsigned-char -W -Wall -Werror=return-type -Werror=non-virtual-dtor -Werror=address -Werror=sequence-point -Wformat -Werror=format-security -Wstrict-prototypes -Winit-self -Wpointer-arith -Wsign-promo -Wuninitialized -Winit-self -Wno-delete-non-virtual-dtor -Wno-unnamed-type-template-args -Wno-comment -fdiagnostics-show-option -Wno-long-long -Qunused-arguments -Wno-semicolon-before-method-body -ffunction-sections -fdata-sections  -fvisibility=hidden -fvisibility-inlines-hidden -Wno-missing-prototypes -Wno-missing-declarations -Wno-undef -Wno-unused -Wno-sign-compare -Wno-cast-align -Wno-shadow -Wno-pointer-to-int-cast -Wno-int-to-pointer-cast  -O3 -DNDEBUG -isysroot /Applications/Xcode.app/Contents/Developer/Platforms/MacOSX.platform/Developer/SDKs/MacOSX10.14.sdk -Wl,-search_paths_first -Wl,-headerpad_max_install_names   -Wl,-dead_strip  CMakeFiles/cmTC_adf66.dir/src.c.o  -o cmTC_adf66 
gmake[1]: Leaving directory '/Users/reddytintayaconde/Desktop/nodeApp/node_modules/opencv-build/opencv/build/CMakeFiles/CMakeTmp'

===== END =====

Build output check failed:
    Regex: 'unknown .*option'
    Output line: 'warning: unknown warning option '-Wno-unused-but-set-parameter', did you mean '-Wno-unused-parameter'? [-Wunknown-warning-option]'
Compilation failed:
    source file: '/Users/reddytintayaconde/Desktop/nodeApp/node_modules/opencv-build/opencv/build/CMakeFiles/CMakeTmp/src.c'
    check option: ' -Wno-unused-but-set-parameter'
===== BUILD LOG =====
Change Dir: /Users/reddytintayaconde/Desktop/nodeApp/node_modules/opencv-build/opencv/build/CMakeFiles/CMakeTmp

Run Build Command(s):/usr/local/bin/gmake cmTC_bd7f3/fast 
/usr/local/bin/gmake -f CMakeFiles/cmTC_bd7f3.dir/build.make CMakeFiles/cmTC_bd7f3.dir/build
gmake[1]: Entering directory '/Users/reddytintayaconde/Desktop/nodeApp/node_modules/opencv-build/opencv/build/CMakeFiles/CMakeTmp'
Building C object CMakeFiles/cmTC_bd7f3.dir/src.c.o
/Applications/Xcode.app/Contents/Developer/Toolchains/XcodeDefault.xctoolchain/usr/bin/cc   -fsigned-char -W -Wall -Werror=return-type -Werror=non-virtual-dtor -Werror=address -Werror=sequence-point -Wformat -Werror=format-security -Wmissing-declarations -Wstrict-prototypes -Wundef -Winit-self -Wpointer-arith -Wshadow -Wsign-promo -Wuninitialized -Winit-self -Wno-delete-non-virtual-dtor -Wno-unnamed-type-template-args -Wno-comment -fdiagnostics-show-option -Wno-long-long -Qunused-arguments -Wno-semicolon-before-method-body -ffunction-sections -fdata-sections  -fvisibility=hidden -fvisibility-inlines-hidden -Wno-implicit-function-declaration -Wno-uninitialized -Wno-missing-prototypes  -O3 -DNDEBUG -isysroot /Applications/Xcode.app/Contents/Developer/Platforms/MacOSX.platform/Developer/SDKs/MacOSX10.14.sdk -fPIE    -Wno-unused-but-set-parameter -o CMakeFiles/cmTC_bd7f3.dir/src.c.o   -c /Users/reddytintayaconde/Desktop/nodeApp/node_modules/opencv-build/opencv/build/CMakeFiles/CMakeTmp/src.c
warning: unknown warning option '-Wno-unused-but-set-parameter'; did you mean '-Wno-unused-parameter'? [-Wunknown-warning-option]
/Users/reddytintayaconde/Desktop/nodeApp/node_modules/opencv-build/opencv/build/CMakeFiles/CMakeTmp/src.c:1:8: warning: unknown pragma ignored [-Wunknown-pragmas]
#pragma
       ^
2 warnings generated.
Linking C executable cmTC_bd7f3
/usr/local/Cellar/cmake/3.14.3/bin/cmake -E cmake_link_script CMakeFiles/cmTC_bd7f3.dir/link.txt --verbose=1
/Applications/Xcode.app/Contents/Developer/Toolchains/XcodeDefault.xctoolchain/usr/bin/cc    -fsigned-char -W -Wall -Werror=return-type -Werror=non-virtual-dtor -Werror=address -Werror=sequence-point -Wformat -Werror=format-security -Wmissing-declarations -Wstrict-prototypes -Wundef -Winit-self -Wpointer-arith -Wshadow -Wsign-promo -Wuninitialized -Winit-self -Wno-delete-non-virtual-dtor -Wno-unnamed-type-template-args -Wno-comment -fdiagnostics-show-option -Wno-long-long -Qunused-arguments -Wno-semicolon-before-method-body -ffunction-sections -fdata-sections  -fvisibility=hidden -fvisibility-inlines-hidden -Wno-implicit-function-declaration -Wno-uninitialized -Wno-missing-prototypes  -O3 -DNDEBUG -isysroot /Applications/Xcode.app/Contents/Developer/Platforms/MacOSX.platform/Developer/SDKs/MacOSX10.14.sdk -Wl,-search_paths_first -Wl,-headerpad_max_install_names   -Wl,-dead_strip  CMakeFiles/cmTC_bd7f3.dir/src.c.o  -o cmTC_bd7f3 
gmake[1]: Leaving directory '/Users/reddytintayaconde/Desktop/nodeApp/node_modules/opencv-build/opencv/build/CMakeFiles/CMakeTmp'

===== END =====

Build output check failed:
    Regex: 'unknown .*option'
    Output line: 'warning: unknown warning option '-Wno-pointer-compare' [-Wunknown-warning-option]'
Compilation failed:
    source file: '/Users/reddytintayaconde/Desktop/nodeApp/node_modules/opencv-build/opencv/build/CMakeFiles/CMakeTmp/src.c'
    check option: ' -Wno-pointer-compare'
===== BUILD LOG =====
Change Dir: /Users/reddytintayaconde/Desktop/nodeApp/node_modules/opencv-build/opencv/build/CMakeFiles/CMakeTmp

Run Build Command(s):/usr/local/bin/gmake cmTC_8cb1f/fast 
/usr/local/bin/gmake -f CMakeFiles/cmTC_8cb1f.dir/build.make CMakeFiles/cmTC_8cb1f.dir/build
gmake[1]: Entering directory '/Users/reddytintayaconde/Desktop/nodeApp/node_modules/opencv-build/opencv/build/CMakeFiles/CMakeTmp'
Building C object CMakeFiles/cmTC_8cb1f.dir/src.c.o
/Applications/Xcode.app/Contents/Developer/Toolchains/XcodeDefault.xctoolchain/usr/bin/cc   -fsigned-char -W -Wall -Werror=return-type -Werror=non-virtual-dtor -Werror=address -Werror=sequence-point -Wformat -Werror=format-security -Wstrict-prototypes -Wundef -Winit-self -Wpointer-arith -Wsign-promo -Wuninitialized -Winit-self -Wno-delete-non-virtual-dtor -Wno-unnamed-type-template-args -Wno-comment -fdiagnostics-show-option -Wno-long-long -Qunused-arguments -Wno-semicolon-before-method-body -ffunction-sections -fdata-sections  -fvisibility=hidden -fvisibility-inlines-hidden -Wno-implicit-function-declaration -Wno-uninitialized -Wno-missing-prototypes -Wno-missing-declarations -Wno-unused -Wno-shadow -Wno-sign-compare -Wno-strict-overflow  -O3 -DNDEBUG -isysroot /Applications/Xcode.app/Contents/Developer/Platforms/MacOSX.platform/Developer/SDKs/MacOSX10.14.sdk -fPIE    -Wno-pointer-compare -o CMakeFiles/cmTC_8cb1f.dir/src.c.o   -c /Users/reddytintayaconde/Desktop/nodeApp/node_modules/opencv-build/opencv/build/CMakeFiles/CMakeTmp/src.c
warning: unknown warning option '-Wno-pointer-compare' [-Wunknown-warning-option]
/Users/reddytintayaconde/Desktop/nodeApp/node_modules/opencv-build/opencv/build/CMakeFiles/CMakeTmp/src.c:1:8: warning: unknown pragma ignored [-Wunknown-pragmas]
#pragma
       ^
2 warnings generated.
Linking C executable cmTC_8cb1f
/usr/local/Cellar/cmake/3.14.3/bin/cmake -E cmake_link_script CMakeFiles/cmTC_8cb1f.dir/link.txt --verbose=1
/Applications/Xcode.app/Contents/Developer/Toolchains/XcodeDefault.xctoolchain/usr/bin/cc    -fsigned-char -W -Wall -Werror=return-type -Werror=non-virtual-dtor -Werror=address -Werror=sequence-point -Wformat -Werror=format-security -Wstrict-prototypes -Wundef -Winit-self -Wpointer-arith -Wsign-promo -Wuninitialized -Winit-self -Wno-delete-non-virtual-dtor -Wno-unnamed-type-template-args -Wno-comment -fdiagnostics-show-option -Wno-long-long -Qunused-arguments -Wno-semicolon-before-method-body -ffunction-sections -fdata-sections  -fvisibility=hidden -fvisibility-inlines-hidden -Wno-implicit-function-declaration -Wno-uninitialized -Wno-missing-prototypes -Wno-missing-declarations -Wno-unused -Wno-shadow -Wno-sign-compare -Wno-strict-overflow  -O3 -DNDEBUG -isysroot /Applications/Xcode.app/Contents/Developer/Platforms/MacOSX.platform/Developer/SDKs/MacOSX10.14.sdk -Wl,-search_paths_first -Wl,-headerpad_max_install_names   -Wl,-dead_strip  CMakeFiles/cmTC_8cb1f.dir/src.c.o  -o cmTC_8cb1f 
gmake[1]: Leaving directory '/Users/reddytintayaconde/Desktop/nodeApp/node_modules/opencv-build/opencv/build/CMakeFiles/CMakeTmp'

===== END =====

Build output check failed:
    Regex: 'unknown .*option'
    Output line: 'warning: unknown warning option '-Wno-misleading-indentation', did you mean '-Wno-binding-in-condition'? [-Wunknown-warning-option]'
Compilation failed:
    source file: '/Users/reddytintayaconde/Desktop/nodeApp/node_modules/opencv-build/opencv/build/CMakeFiles/CMakeTmp/src.cxx'
    check option: ' -Wno-misleading-indentation'
===== BUILD LOG =====
Change Dir: /Users/reddytintayaconde/Desktop/nodeApp/node_modules/opencv-build/opencv/build/CMakeFiles/CMakeTmp

Run Build Command(s):/usr/local/bin/gmake cmTC_e7018/fast 
/usr/local/bin/gmake -f CMakeFiles/cmTC_e7018.dir/build.make CMakeFiles/cmTC_e7018.dir/build
gmake[1]: Entering directory '/Users/reddytintayaconde/Desktop/nodeApp/node_modules/opencv-build/opencv/build/CMakeFiles/CMakeTmp'
Building CXX object CMakeFiles/cmTC_e7018.dir/src.cxx.o
/Applications/Xcode.app/Contents/Developer/Toolchains/XcodeDefault.xctoolchain/usr/bin/c++    -fsigned-char -W -Wall -Werror=return-type -Werror=non-virtual-dtor -Werror=address -Werror=sequence-point -Wformat -Werror=format-security -Wmissing-prototypes -Wstrict-prototypes -Winit-self -Wpointer-arith -Wsign-promo -Winit-self -Wno-delete-non-virtual-dtor -Wno-unnamed-type-template-args -Wno-comment -fdiagnostics-show-option -Wno-long-long -Qunused-arguments -Wno-semicolon-before-method-body -ffunction-sections -fdata-sections  -fvisibility=hidden -fvisibility-inlines-hidden -Wno-shadow -Wno-unused -Wno-sign-compare -Wno-undef -Wno-missing-declarations -Wno-uninitialized -Wno-switch -Wno-parentheses -Wno-array-bounds -Wno-extra -Wno-deprecated-declarations  -O3 -DNDEBUG -isysroot /Applications/Xcode.app/Contents/Developer/Platforms/MacOSX.platform/Developer/SDKs/MacOSX10.14.sdk -fPIE    -Wno-misleading-indentation -o CMakeFiles/cmTC_e7018.dir/src.cxx.o -c /Users/reddytintayaconde/Desktop/nodeApp/node_modules/opencv-build/opencv/build/CMakeFiles/CMakeTmp/src.cxx
warning: unknown warning option '-Wno-misleading-indentation'; did you mean '-Wno-binding-in-condition'? [-Wunknown-warning-option]
/Users/reddytintayaconde/Desktop/nodeApp/node_modules/opencv-build/opencv/build/CMakeFiles/CMakeTmp/src.cxx:1:8: warning: unknown pragma ignored [-Wunknown-pragmas]
#pragma
       ^
2 warnings generated.
Linking CXX executable cmTC_e7018
/usr/local/Cellar/cmake/3.14.3/bin/cmake -E cmake_link_script CMakeFiles/cmTC_e7018.dir/link.txt --verbose=1
/Applications/Xcode.app/Contents/Developer/Toolchains/XcodeDefault.xctoolchain/usr/bin/c++     -fsigned-char -W -Wall -Werror=return-type -Werror=non-virtual-dtor -Werror=address -Werror=sequence-point -Wformat -Werror=format-security -Wmissing-prototypes -Wstrict-prototypes -Winit-self -Wpointer-arith -Wsign-promo -Winit-self -Wno-delete-non-virtual-dtor -Wno-unnamed-type-template-args -Wno-comment -fdiagnostics-show-option -Wno-long-long -Qunused-arguments -Wno-semicolon-before-method-body -ffunction-sections -fdata-sections  -fvisibility=hidden -fvisibility-inlines-hidden -Wno-shadow -Wno-unused -Wno-sign-compare -Wno-undef -Wno-missing-declarations -Wno-uninitialized -Wno-switch -Wno-parentheses -Wno-array-bounds -Wno-extra -Wno-deprecated-declarations  -O3 -DNDEBUG -isysroot /Applications/Xcode.app/Contents/Developer/Platforms/MacOSX.platform/Developer/SDKs/MacOSX10.14.sdk -Wl,-search_paths_first -Wl,-headerpad_max_install_names   -Wl,-dead_strip  CMakeFiles/cmTC_e7018.dir/src.cxx.o  -o cmTC_e7018 
gmake[1]: Leaving directory '/Users/reddytintayaconde/Desktop/nodeApp/node_modules/opencv-build/opencv/build/CMakeFiles/CMakeTmp'

===== END =====

Build output check failed:
    Regex: 'unknown .*option'
    Output line: 'warning: unknown warning option '-Wno-suggest-override', did you mean '-Wno-shift-overflow'? [-Wunknown-warning-option]'
Compilation failed:
    source file: '/Users/reddytintayaconde/Desktop/nodeApp/node_modules/opencv-build/opencv/build/CMakeFiles/CMakeTmp/src.cxx'
    check option: ' -Wno-suggest-override'
===== BUILD LOG =====
Change Dir: /Users/reddytintayaconde/Desktop/nodeApp/node_modules/opencv-build/opencv/build/CMakeFiles/CMakeTmp

Run Build Command(s):/usr/local/bin/gmake cmTC_4195e/fast 
/usr/local/bin/gmake -f CMakeFiles/cmTC_4195e.dir/build.make CMakeFiles/cmTC_4195e.dir/build
gmake[1]: Entering directory '/Users/reddytintayaconde/Desktop/nodeApp/node_modules/opencv-build/opencv/build/CMakeFiles/CMakeTmp'
Building CXX object CMakeFiles/cmTC_4195e.dir/src.cxx.o
/Applications/Xcode.app/Contents/Developer/Toolchains/XcodeDefault.xctoolchain/usr/bin/c++    -fsigned-char -W -Wall -Werror=return-type -Werror=non-virtual-dtor -Werror=address -Werror=sequence-point -Wformat -Werror=format-security -Wmissing-prototypes -Wstrict-prototypes -Winit-self -Wpointer-arith -Wsign-promo -Winit-self -Wno-delete-non-virtual-dtor -Wno-unnamed-type-template-args -Wno-comment -fdiagnostics-show-option -Wno-long-long -Qunused-arguments -Wno-semicolon-before-method-body -ffunction-sections -fdata-sections  -fvisibility=hidden -fvisibility-inlines-hidden -Wno-shadow -Wno-unused -Wno-sign-compare -Wno-undef -Wno-missing-declarations -Wno-uninitialized -Wno-switch -Wno-parentheses -Wno-array-bounds -Wno-extra -Wno-deprecated-declarations -Wno-deprecated  -O3 -DNDEBUG -isysroot /Applications/Xcode.app/Contents/Developer/Platforms/MacOSX.platform/Developer/SDKs/MacOSX10.14.sdk -fPIE    -Wno-suggest-override -o CMakeFiles/cmTC_4195e.dir/src.cxx.o -c /Users/reddytintayaconde/Desktop/nodeApp/node_modules/opencv-build/opencv/build/CMakeFiles/CMakeTmp/src.cxx
warning: unknown warning option '-Wno-suggest-override'; did you mean '-Wno-shift-overflow'? [-Wunknown-warning-option]
/Users/reddytintayaconde/Desktop/nodeApp/node_modules/opencv-build/opencv/build/CMakeFiles/CMakeTmp/src.cxx:1:8: warning: unknown pragma ignored [-Wunknown-pragmas]
#pragma
       ^
2 warnings generated.
Linking CXX executable cmTC_4195e
/usr/local/Cellar/cmake/3.14.3/bin/cmake -E cmake_link_script CMakeFiles/cmTC_4195e.dir/link.txt --verbose=1
/Applications/Xcode.app/Contents/Developer/Toolchains/XcodeDefault.xctoolchain/usr/bin/c++     -fsigned-char -W -Wall -Werror=return-type -Werror=non-virtual-dtor -Werror=address -Werror=sequence-point -Wformat -Werror=format-security -Wmissing-prototypes -Wstrict-prototypes -Winit-self -Wpointer-arith -Wsign-promo -Winit-self -Wno-delete-non-virtual-dtor -Wno-unnamed-type-template-args -Wno-comment -fdiagnostics-show-option -Wno-long-long -Qunused-arguments -Wno-semicolon-before-method-body -ffunction-sections -fdata-sections  -fvisibility=hidden -fvisibility-inlines-hidden -Wno-shadow -Wno-unused -Wno-sign-compare -Wno-undef -Wno-missing-declarations -Wno-uninitialized -Wno-switch -Wno-parentheses -Wno-array-bounds -Wno-extra -Wno-deprecated-declarations -Wno-deprecated  -O3 -DNDEBUG -isysroot /Applications/Xcode.app/Contents/Developer/Platforms/MacOSX.platform/Developer/SDKs/MacOSX10.14.sdk -Wl,-search_paths_first -Wl,-headerpad_max_install_names   -Wl,-dead_strip  CMakeFiles/cmTC_4195e.dir/src.cxx.o  -o cmTC_4195e 
gmake[1]: Leaving directory '/Users/reddytintayaconde/Desktop/nodeApp/node_modules/opencv-build/opencv/build/CMakeFiles/CMakeTmp'

===== END =====

Determining if the function sgemm_ exists failed with the following output:
Change Dir: /Users/reddytintayaconde/Desktop/nodeApp/node_modules/opencv-build/opencv/build/CMakeFiles/CMakeTmp

Run Build Command(s):/usr/local/bin/gmake cmTC_21ccc/fast 
/usr/local/bin/gmake -f CMakeFiles/cmTC_21ccc.dir/build.make CMakeFiles/cmTC_21ccc.dir/build
gmake[1]: Entering directory '/Users/reddytintayaconde/Desktop/nodeApp/node_modules/opencv-build/opencv/build/CMakeFiles/CMakeTmp'
Building C object CMakeFiles/cmTC_21ccc.dir/CheckFunctionExists.c.o
/Applications/Xcode.app/Contents/Developer/Toolchains/XcodeDefault.xctoolchain/usr/bin/cc   -fsigned-char -W -Wall -Werror=return-type -Werror=non-virtual-dtor -Werror=address -Werror=sequence-point -Wformat -Werror=format-security -Wmissing-declarations -Wmissing-prototypes -Wstrict-prototypes -Wundef -Winit-self -Wpointer-arith -Wshadow -Wsign-promo -Wuninitialized -Winit-self -Wno-delete-non-virtual-dtor -Wno-unnamed-type-template-args -Wno-comment -fdiagnostics-show-option -Wno-long-long -Qunused-arguments -Wno-semicolon-before-method-body -ffunction-sections -fdata-sections  -fvisibility=hidden -fvisibility-inlines-hidden -DCHECK_FUNCTION_EXISTS=sgemm_ -O3 -DNDEBUG -isysroot /Applications/Xcode.app/Contents/Developer/Platforms/MacOSX.platform/Developer/SDKs/MacOSX10.14.sdk -fPIE   -o CMakeFiles/cmTC_21ccc.dir/CheckFunctionExists.c.o   -c /usr/local/Cellar/cmake/3.14.3/share/cmake/Modules/CheckFunctionExists.c
Linking C executable cmTC_21ccc
/usr/local/Cellar/cmake/3.14.3/bin/cmake -E cmake_link_script CMakeFiles/cmTC_21ccc.dir/link.txt --verbose=1
/Applications/Xcode.app/Contents/Developer/Toolchains/XcodeDefault.xctoolchain/usr/bin/cc    -fsigned-char -W -Wall -Werror=return-type -Werror=non-virtual-dtor -Werror=address -Werror=sequence-point -Wformat -Werror=format-security -Wmissing-declarations -Wmissing-prototypes -Wstrict-prototypes -Wundef -Winit-self -Wpointer-arith -Wshadow -Wsign-promo -Wuninitialized -Winit-self -Wno-delete-non-virtual-dtor -Wno-unnamed-type-template-args -Wno-comment -fdiagnostics-show-option -Wno-long-long -Qunused-arguments -Wno-semicolon-before-method-body -ffunction-sections -fdata-sections  -fvisibility=hidden -fvisibility-inlines-hidden -DCHECK_FUNCTION_EXISTS=sgemm_ -O3 -DNDEBUG -isysroot /Applications/Xcode.app/Contents/Developer/Platforms/MacOSX.platform/Developer/SDKs/MacOSX10.14.sdk -Wl,-search_paths_first -Wl,-headerpad_max_install_names   -Wl,-dead_strip  CMakeFiles/cmTC_21ccc.dir/CheckFunctionExists.c.o  -o cmTC_21ccc 
Undefined symbols for architecture x86_64:
  "_sgemm_", referenced from:
      _main in CheckFunctionExists.c.o
ld: symbol(s) not found for architecture x86_64
clang: error: linker command failed with exit code 1 (use -v to see invocation)
gmake[1]: *** [CMakeFiles/cmTC_21ccc.dir/build.make:87: cmTC_21ccc] Error 1
gmake[1]: Leaving directory '/Users/reddytintayaconde/Desktop/nodeApp/node_modules/opencv-build/opencv/build/CMakeFiles/CMakeTmp'
gmake: *** [Makefile:121: cmTC_21ccc/fast] Error 2


Build output check failed:
    Regex: 'unknown .*option'
    Output line: 'warning: unknown warning option '-Wno-unused-but-set-variable', did you mean '-Wno-unused-const-variable'? [-Wunknown-warning-option]'
Compilation failed:
    source file: '/Users/reddytintayaconde/Desktop/nodeApp/node_modules/opencv-build/opencv/build/CMakeFiles/CMakeTmp/src.cxx'
    check option: ' -Wno-unused-but-set-variable'
===== BUILD LOG =====
Change Dir: /Users/reddytintayaconde/Desktop/nodeApp/node_modules/opencv-build/opencv/build/CMakeFiles/CMakeTmp

Run Build Command(s):/usr/local/bin/gmake cmTC_365cf/fast 
/usr/local/bin/gmake -f CMakeFiles/cmTC_365cf.dir/build.make CMakeFiles/cmTC_365cf.dir/build
gmake[1]: Entering directory '/Users/reddytintayaconde/Desktop/nodeApp/node_modules/opencv-build/opencv/build/CMakeFiles/CMakeTmp'
Building CXX object CMakeFiles/cmTC_365cf.dir/src.cxx.o
/Applications/Xcode.app/Contents/Developer/Toolchains/XcodeDefault.xctoolchain/usr/bin/c++    -fsigned-char -W -Wall -Werror=return-type -Werror=non-virtual-dtor -Werror=address -Werror=sequence-point -Wformat -Werror=format-security -Wmissing-prototypes -Wstrict-prototypes -Winit-self -Wpointer-arith -Wsign-promo -Wuninitialized -Winit-self -Wno-delete-non-virtual-dtor -Wno-unnamed-type-template-args -Wno-comment -fdiagnostics-show-option -Wno-long-long -Qunused-arguments -Wno-semicolon-before-method-body -ffunction-sections -fdata-sections  -fvisibility=hidden -fvisibility-inlines-hidden -Wno-undef -Wno-shadow -Wno-sign-compare -Wno-missing-declarations  -O3 -DNDEBUG -isysroot /Applications/Xcode.app/Contents/Developer/Platforms/MacOSX.platform/Developer/SDKs/MacOSX10.14.sdk -fPIE    -Wno-unused-but-set-variable -o CMakeFiles/cmTC_365cf.dir/src.cxx.o -c /Users/reddytintayaconde/Desktop/nodeApp/node_modules/opencv-build/opencv/build/CMakeFiles/CMakeTmp/src.cxx
warning: unknown warning option '-Wno-unused-but-set-variable'; did you mean '-Wno-unused-const-variable'? [-Wunknown-warning-option]
/Users/reddytintayaconde/Desktop/nodeApp/node_modules/opencv-build/opencv/build/CMakeFiles/CMakeTmp/src.cxx:1:8: warning: unknown pragma ignored [-Wunknown-pragmas]
#pragma
       ^
2 warnings generated.
Linking CXX executable cmTC_365cf
/usr/local/Cellar/cmake/3.14.3/bin/cmake -E cmake_link_script CMakeFiles/cmTC_365cf.dir/link.txt --verbose=1
/Applications/Xcode.app/Contents/Developer/Toolchains/XcodeDefault.xctoolchain/usr/bin/c++     -fsigned-char -W -Wall -Werror=return-type -Werror=non-virtual-dtor -Werror=address -Werror=sequence-point -Wformat -Werror=format-security -Wmissing-prototypes -Wstrict-prototypes -Winit-self -Wpointer-arith -Wsign-promo -Wuninitialized -Winit-self -Wno-delete-non-virtual-dtor -Wno-unnamed-type-template-args -Wno-comment -fdiagnostics-show-option -Wno-long-long -Qunused-arguments -Wno-semicolon-before-method-body -ffunction-sections -fdata-sections  -fvisibility=hidden -fvisibility-inlines-hidden -Wno-undef -Wno-shadow -Wno-sign-compare -Wno-missing-declarations  -O3 -DNDEBUG -isysroot /Applications/Xcode.app/Contents/Developer/Platforms/MacOSX.platform/Developer/SDKs/MacOSX10.14.sdk -Wl,-search_paths_first -Wl,-headerpad_max_install_names   -Wl,-dead_strip  CMakeFiles/cmTC_365cf.dir/src.cxx.o  -o cmTC_365cf 
gmake[1]: Leaving directory '/Users/reddytintayaconde/Desktop/nodeApp/node_modules/opencv-build/opencv/build/CMakeFiles/CMakeTmp'

===== END =====

